warning: variable `initial_source_sampler_kind` is assigned to, but never used
    --> src/renderer/shader_space/assembler.rs:2587:25
     |
2587 |                 let mut initial_source_sampler_kind: Option<SamplerKind> = None;
     |                         ^^^^^^^^^^^^^^^^^^^^^^^^^^^
     |
     = note: consider using `_initial_source_sampler_kind` instead
     = note: `#[warn(unused_variables)]` on by default

warning: value assigned to `initial_source_sampler_kind` is never read
    --> src/renderer/shader_space/assembler.rs:2594:29
     |
2594 | ...                   initial_source_sampler_kind = Some(sampler_kind_for_pass_texture(
     |                       ^^^^^^^^^^^^^^^^^^^^^^^^^^^
     |
     = help: maybe it is overwritten before being read?
     = note: `#[warn(unused_assignments)]` on by default

warning: value assigned to `initial_source_sampler_kind` is never read
    --> src/renderer/shader_space/assembler.rs:2616:37
     |
2616 | ...                   initial_source_sampler_kind =
     |                       ^^^^^^^^^^^^^^^^^^^^^^^^^^^
     |
     = help: maybe it is overwritten before being read?

warning: unused variable: `group_hovered`
   --> src/ui/button.rs:615:9
    |
615 |     let group_hovered = primary_resp.hovered()
    |         ^^^^^^^^^^^^^ help: if this is intentional, prefix it with an underscore: `_group_hovered`

warning: function `lerp_pos2` is never used
  --> src/app/layout_math.rs:11:8
   |
11 | pub fn lerp_pos2(a: egui::Pos2, b: egui::Pos2, t: f32) -> egui::Pos2 {
   |        ^^^^^^^^^
   |
   = note: `#[warn(dead_code)]` on by default

warning: function `lerp_vec2` is never used
  --> src/app/layout_math.rs:15:8
   |
15 | pub fn lerp_vec2(a: egui::Vec2, b: egui::Vec2, t: f32) -> egui::Vec2 {
   |        ^^^^^^^^^

warning: function `lerp_rect` is never used
  --> src/app/layout_math.rs:19:8
   |
19 | pub fn lerp_rect(a: Rect, b: Rect, t: f32) -> Rect {
   |        ^^^^^^^^^

warning: function `cover_uv_rect` is never used
  --> src/app/layout_math.rs:23:8
   |
23 | pub fn cover_uv_rect(dst_size: egui::Vec2, tex_size: egui::Vec2) -> Rect {
   |        ^^^^^^^^^^^^^

warning: function `clamp_uv_rect_into_unit` is never used
  --> src/app/layout_math.rs:37:8
   |
37 | pub fn clamp_uv_rect_into_unit(mut uv: Rect) -> Rect {
   |        ^^^^^^^^^^^^^^^^^^^^^^^

warning: constant `CANVAS_RADIUS` is never used
   --> src/app/types.rs:157:11
    |
157 | pub const CANVAS_RADIUS: f32 = 16.0;
    |           ^^^^^^^^^^^^^

warning: constant `SIDEBAR_SECTION_DIVIDER_GAP` is never used
  --> src/ui/debug_sidebar.rs:34:7
   |
34 | const SIDEBAR_SECTION_DIVIDER_GAP: f32 = 4.0;
   |       ^^^^^^^^^^^^^^^^^^^^^^^^^^^

warning: field `output_texture` is never read
   --> src/ui/diff_renderer.rs:121:5
    |
120 | pub struct DiffRenderer {
    |            ------------ field in this struct
121 |     output_texture: wgpu::Texture,
    |     ^^^^^^^^^^^^^^

warning: constant `PLANE_WORD_COUNT` is never used
 --> src/ui/parade.rs:6:7
  |
6 | const PLANE_WORD_COUNT: usize = (X_BINS * Y_BINS) as usize;
  |       ^^^^^^^^^^^^^^^^

[prepare_to_pass]: create buffer sys.pass.GuassianBlurPass_37.baked_data_parse - 16 bytes
[prepare_to_pass]: create buffer params.sys.upsample.Upsample_41 - 64 bytes
[prepare_to_pass]: create buffer sys.blur.GuassianBlurPass_34.out.geo - 120 bytes
[prepare_to_pass]: create buffer params.sys.downsample.Downsample_16 - 64 bytes
[prepare_to_pass]: create buffer sys.pass.GuassianBlurPass_31.baked_data_parse - 16 bytes
[prepare_to_pass]: create buffer params.sys.blur.GuassianBlurPass_34.upsample_bilinear.ds1 - 64 bytes
[prepare_to_pass]: create buffer sys.blur.GuassianBlurPass_37.src.geo - 120 bytes
[prepare_to_pass]: create buffer sys.pass.GuassianBlurPass_34.baked_data_parse - 16 bytes
[prepare_to_pass]: create buffer sys.pass.GuassianBlurPass_40.baked_data_parse - 16 bytes
[prepare_to_pass]: create buffer sys.upsample.Upsample_24.geo - 120 bytes
[prepare_to_pass]: create buffer sys.downsample.Downsample_12.geo - 120 bytes
[prepare_to_pass]: create buffer sys.downsample.Downsample_16.geo - 120 bytes
[prepare_to_pass]: create buffer sys.blur.GuassianBlurPass_40.ds.geo - 120 bytes
[prepare_to_pass]: create buffer params.sys.blur.GuassianBlurPass_31.upsample_bilinear.ds1 - 64 bytes
[prepare_to_pass]: create buffer params.sys.blur.GuassianBlurPass_40.src - 64 bytes
[prepare_to_pass]: create buffer params.sys.auto.fullscreen.pass.edge_75 - 64 bytes
[prepare_to_pass]: create buffer params.sys.blur.GuassianBlurPass_37.src - 64 bytes
[prepare_to_pass]: create buffer params.sys.blur.GuassianBlurPass_31.src - 64 bytes
[prepare_to_pass]: create buffer sys.blur.GuassianBlurPass_40.src.geo - 120 bytes
[prepare_to_pass]: create buffer sys.blur.GuassianBlurPass_40.out.geo - 120 bytes
[prepare_to_pass]: create buffer params.sys.blur.GuassianBlurPass_34.v.ds1 - 64 bytes
[prepare_to_pass]: create buffer sys.blur.GuassianBlurPass_34.src.geo - 120 bytes
[prepare_to_pass]: create buffer params.sys.downsample.Downsample_18 - 64 bytes
[prepare_to_pass]: create buffer params.sys.blur.GuassianBlurPass_34.src - 64 bytes
[prepare_to_pass]: create buffer params.sys.blur.GuassianBlurPass_37.v.ds1 - 64 bytes
[prepare_to_pass]: create buffer sys.blur.GuassianBlurPass_31.ds.geo - 120 bytes
[prepare_to_pass]: create buffer params.sys.blur.GuassianBlurPass_31.ds.1 - 64 bytes
[prepare_to_pass]: create buffer params.sys.upsample.Upsample_28 - 64 bytes
[prepare_to_pass]: create buffer sys.upsample.Upsample_35.geo - 120 bytes
[prepare_to_pass]: create buffer params.sys.downsample.Downsample_12 - 64 bytes
[prepare_to_pass]: create buffer sys.blur.GuassianBlurPass_23.out.geo - 120 bytes
[prepare_to_pass]: create buffer sys.upsample.Upsample_28.geo - 120 bytes
[prepare_to_pass]: create buffer sys.auto.fullscreen.geo.edge_75 - 120 bytes
[prepare_to_pass]: create buffer sys.blur.GuassianBlurPass_37.ds.1.geo - 120 bytes
[prepare_to_pass]: create buffer params.sys.blur.GuassianBlurPass_34.ds.1 - 64 bytes
[prepare_to_pass]: create buffer params.sys.blur.GuassianBlurPass_27.ds.1 - 64 bytes
[prepare_to_pass]: create buffer params.sys.blur.GuassianBlurPass_23.h.ds1 - 64 bytes
[prepare_to_pass]: create buffer params.sys.blur.GuassianBlurPass_31.h.ds1 - 64 bytes
[prepare_to_pass]: create buffer params.sys.blur.GuassianBlurPass_37.h.ds1 - 64 bytes
[prepare_to_pass]: create buffer sys.blur.GuassianBlurPass_23.ds.geo - 120 bytes
[prepare_to_pass]: create buffer params.sys.blur.GuassianBlurPass_37.upsample_bilinear.ds1 - 64 bytes
[prepare_to_pass]: create buffer sys.blur.GuassianBlurPass_31.ds.1.geo - 120 bytes
[prepare_to_pass]: create buffer params.sys.blur.GuassianBlurPass_27.upsample_bilinear.ds1 - 64 bytes
[prepare_to_pass]: create buffer sys.pass.sys.auto.fullscreen.pass.edge_75.resolved.geo - 120 bytes
[prepare_to_pass]: create buffer params.sys.upsample.Upsample_32 - 64 bytes
[prepare_to_pass]: create buffer params.sys.upsample.Upsample_35 - 64 bytes
[prepare_to_pass]: create buffer params.sys.downsample.Downsample_20 - 64 bytes
[prepare_to_pass]: create buffer GLTFGeometry_2 - 57600 bytes
[prepare_to_pass]: create buffer sys.downsample.Downsample_18.geo - 120 bytes
[prepare_to_pass]: create buffer sys.blur.GuassianBlurPass_23.ds.1.geo - 120 bytes
[prepare_to_pass]: create buffer sys.blur.GuassianBlurPass_31.src.geo - 120 bytes
[prepare_to_pass]: create buffer params.sys.blur.GuassianBlurPass_37.ds.1 - 64 bytes
[prepare_to_pass]: create buffer sys.upsample.Upsample_32.geo - 120 bytes
[prepare_to_pass]: create buffer params.sys.blur.GuassianBlurPass_40.v.ds1 - 64 bytes
[prepare_to_pass]: create buffer sys.blur.GuassianBlurPass_27.ds.1.geo - 120 bytes
[prepare_to_pass]: create buffer sys.downsample.Downsample_20.geo - 120 bytes
[prepare_to_pass]: create buffer sys.blur.GuassianBlurPass_27.out.geo - 120 bytes
[prepare_to_pass]: create buffer params.sys.downsample.Downsample_10 - 64 bytes
[prepare_to_pass]: create buffer params.sys.upsample.Upsample_24 - 64 bytes
[prepare_to_pass]: create buffer sys.blur.GuassianBlurPass_34.ds.1.geo - 120 bytes
[prepare_to_pass]: create buffer params.sys.blur.GuassianBlurPass_27.v.ds1 - 64 bytes
[prepare_to_pass]: create buffer params.sys.blur.GuassianBlurPass_34.h.ds1 - 64 bytes
[prepare_to_pass]: create buffer sys.blur.GuassianBlurPass_37.out.geo - 120 bytes
[prepare_to_pass]: create buffer params.sys.upsample.Upsample_38 - 64 bytes
[prepare_to_pass]: create buffer params.sys.blur.GuassianBlurPass_40.upsample_bilinear.ds1 - 64 bytes
[prepare_to_pass]: create buffer sys.blur.GuassianBlurPass_27.ds.geo - 120 bytes
[prepare_to_pass]: create buffer sys.blur.GuassianBlurPass_40.ds.1.geo - 120 bytes
[prepare_to_pass]: create buffer params.sys.downsample.Downsample_14 - 64 bytes
[prepare_to_pass]: create buffer params.sys.blur.GuassianBlurPass_40.ds.1 - 64 bytes
[prepare_to_pass]: create buffer sys.upsample.Upsample_38.geo - 120 bytes
[prepare_to_pass]: create buffer sys.upsample.Upsample_41.geo - 120 bytes
[prepare_to_pass]: create buffer sys.pass.GuassianBlurPass_23.baked_data_parse - 16 bytes
[prepare_to_pass]: create buffer params.sys.blur.GuassianBlurPass_23.ds.1 - 64 bytes
[prepare_to_pass]: create buffer sys.blur.GuassianBlurPass_34.ds.geo - 120 bytes
[prepare_to_pass]: create buffer sys.downsample.Downsample_10.geo - 120 bytes
[prepare_to_pass]: create buffer sys.blur.GuassianBlurPass_31.out.geo - 120 bytes
[prepare_to_pass]: create buffer params.sys.blur.GuassianBlurPass_27.src - 64 bytes
[prepare_to_pass]: create buffer params.sys.blur.GuassianBlurPass_31.v.ds1 - 64 bytes
[prepare_to_pass]: create buffer params.sys.blur.GuassianBlurPass_27.h.ds1 - 64 bytes
[prepare_to_pass]: create buffer params.RenderPass_4.graph - 16 bytes
[prepare_to_pass]: create buffer params.sys.blur.GuassianBlurPass_23.v.ds1 - 64 bytes
[prepare_to_pass]: create buffer GLTFGeometry_2.normals - 34560 bytes
[prepare_to_pass]: create buffer sys.blur.GuassianBlurPass_37.ds.geo - 120 bytes
[prepare_to_pass]: create buffer params.sys.blur.GuassianBlurPass_23.upsample_bilinear.ds1 - 64 bytes
[prepare_to_pass]: create buffer sys.pass.GuassianBlurPass_27.baked_data_parse - 16 bytes
[prepare_to_pass]: create buffer sys.pass.RenderPass_4.instances - 64 bytes
[prepare_to_pass]: create buffer sys.blur.GuassianBlurPass_27.src.geo - 120 bytes
[prepare_to_pass]: create buffer sys.downsample.Downsample_14.geo - 120 bytes
[prepare_to_pass]: create buffer params.RenderPass_4 - 64 bytes
[prepare_to_pass]: create buffer params.sys.blur.GuassianBlurPass_40.h.ds1 - 64 bytes
[headless] saved: /Users/ruiyao/Desktop/Projects/node-forge-render-server/tmp/out/bloom-nodes.png
